<?xml version="1.0" encoding="UTF-8"?>
<!-- Generated by org.testng.reporters.JUnitXMLReporter -->
<testsuite ignored="3" hostname="LAPTOP-UAU1FR2C" failures="0" tests="1" name="Chrome Test" time="5.313" errors="0" timestamp="2023-06-18T11:22:32 IST">
  <testcase classname="com.obsqura.testscripts.LoginTest" name="verifyTheUserCanAbletoLoginwithValidusernameandValidPasswordWhileClickonSignInButton" time="1.463"/>
  <testcase classname="com.obsqura.testscripts.LoginTest" name="verifyThatTheUserWontBeAbletoLoginwithInvalidusernameandcorrectPasswordWhileClickonSignInButton" time="0.0">
    <ignored/>
  </testcase> <!-- verifyThatTheUserWontBeAbletoLoginwithInvalidusernameandcorrectPasswordWhileClickonSignInButton -->
  <testcase classname="com.obsqura.testscripts.LoginTest" name="verifyThatTheUserWontBeAbletoLoginwithInvalidusernameandIncorrectPasswordWhileClickonSignInButton" time="0.0">
    <ignored/>
  </testcase> <!-- verifyThatTheUserWontBeAbletoLoginwithInvalidusernameandIncorrectPasswordWhileClickonSignInButton -->
  <testcase classname="com.obsqura.testscripts.LoginTest" name="verifyThatTheUserWontBeAbletoLoginwithValidusernameandIncorrectPasswordWhileClickonSignInButton" time="0.0">
    <ignored/>
  </testcase> <!-- verifyThatTheUserWontBeAbletoLoginwithValidusernameandIncorrectPasswordWhileClickonSignInButton -->
</testsuite> <!-- Chrome Test -->
