<?xml version="1.0" encoding="UTF-8"?>
<!-- Generated by org.testng.reporters.JUnitXMLReporter -->
<testsuite ignored="0" hostname="LAPTOP-UAU1FR2C" failures="0" tests="6" name="Test" time="11.405" errors="0" timestamp="2023-06-18T11:22:59 IST">
  <testcase classname="com.obsqura.testscripts.ManageUsersTest" name="verifyThatOnClickingShowDetailsPasswordIsVisible" time="0.487">
    <skipped/>
  </testcase> <!-- verifyThatOnClickingShowDetailsPasswordIsVisible -->
  <testcase classname="com.obsqura.testscripts.LoginTest" name="verifyTheUserCanAbletoLoginwithValidusernameandValidPasswordWhileClickonSignInButton" time="1.118"/>
  <testcase classname="com.obsqura.testscripts.ManageUsersTest" name="verifyThatOnClickingShowDetailsPasswordIsVisible" time="1.26"/>
  <testcase classname="com.obsqura.testscripts.LoginTest" name="verifyThatTheUserWontBeAbletoLoginwithValidusernameandIncorrectPasswordWhileClickonSignInButton" time="0.384"/>
  <testcase classname="com.obsqura.testscripts.LoginTest" name="verifyThatTheUserWontBeAbletoLoginwithInvalidusernameandcorrectPasswordWhileClickonSignInButton" time="0.346"/>
  <testcase classname="com.obsqura.testscripts.LoginTest" name="verifyThatTheUserWontBeAbletoLoginwithInvalidusernameandIncorrectPasswordWhileClickonSignInButton" time="0.272"/>
</testsuite> <!-- Test -->
