<?xml version="1.0" encoding="UTF-8"?>
<!-- Generated by org.testng.reporters.JUnitXMLReporter -->
<testsuite ignored="3" hostname="LAPTOP-UAU1FR2C" failures="0" tests="1" name="Test2" time="36.647" errors="0" timestamp="2023-06-18T11:27:35 IST">
  <testcase classname="com.obsqura.testscripts.LoginTest" name="verifyThatTheUserWontBeAbletoLoginwithValidusernameandIncorrectPasswordWhileClickonSignInButton" time="0.359"/>
  <testcase classname="com.obsqura.testscripts.LoginTest" name="verifyThatTheUserWontBeAbletoLoginwithInvalidusernameandcorrectPasswordWhileClickonSignInButton" time="0.0">
    <ignored/>
  </testcase> <!-- verifyThatTheUserWontBeAbletoLoginwithInvalidusernameandcorrectPasswordWhileClickonSignInButton -->
  <testcase classname="com.obsqura.testscripts.LoginTest" name="verifyTheUserCanAbletoLoginwithValidusernameandValidPasswordWhileClickonSignInButton" time="0.0">
    <ignored/>
  </testcase> <!-- verifyTheUserCanAbletoLoginwithValidusernameandValidPasswordWhileClickonSignInButton -->
  <testcase classname="com.obsqura.testscripts.LoginTest" name="verifyThatTheUserWontBeAbletoLoginwithInvalidusernameandIncorrectPasswordWhileClickonSignInButton" time="0.0">
    <ignored/>
  </testcase> <!-- verifyThatTheUserWontBeAbletoLoginwithInvalidusernameandIncorrectPasswordWhileClickonSignInButton -->
</testsuite> <!-- Test2 -->
